<?xml version="1.0" encoding="UTF-8"?>
<!-- Generated by org.testng.reporters.JUnitReportReporter -->
<testsuite hostname="DESKTOP-6NU7MHK" failures="0" tests="1" name="POM_DDF_TestNg.PBLoginTest" time="10.428" errors="0" timestamp="2023-06-18T21:16:36 IST" skipped="0">
  <testcase classname="POM_DDF_TestNg.PBLoginTest" name="verifyFullName" time="10.428"/>
  <system-out/>
</testsuite> <!-- POM_DDF_TestNg.PBLoginTest -->
