<?xml version="1.0" encoding="UTF-8"?>
<!-- Generated by org.testng.reporters.JUnitReportReporter -->
<testsuite hostname="DESKTOP-6NU7MHK" failures="0" tests="1" name="TestNG.example3_emailablereport" time="0.011" errors="0" timestamp="2023-06-06T14:05:58 IST" skipped="0">
  <testcase classname="TestNG.example3_emailablereport" name="TC1" time="0.011"/>
  <system-out>
    <![CDATA[helllo]]>
  </system-out>
</testsuite> <!-- TestNG.example3_emailablereport -->
