<?xml version="1.0" encoding="UTF-8"?>
<!-- Generated by org.testng.reporters.JUnitReportReporter -->
<testsuite hostname="DESKTOP-6NU7MHK" failures="0" tests="3" name="TestNG_practice2.example11_MultiBrowsingTesting" time="15.984" errors="0" timestamp="2023-07-07T17:57:51 IST" skipped="0">
  <testcase classname="TestNG_practice2.example11_MultiBrowsingTesting" name="sample" time="4.215"/>
  <system-out/>
  <testcase classname="TestNG_practice2.example11_MultiBrowsingTesting" name="sample" time="3.761"/>
  <system-out/>
  <testcase classname="TestNG_practice2.example11_MultiBrowsingTesting" name="sample" time="8.008"/>
  <system-out/>
</testsuite> <!-- TestNG_practice2.example11_MultiBrowsingTesting -->
