<?xml version="1.0" encoding="UTF-8"?>
<!-- Generated by org.testng.reporters.JUnitReportReporter -->
<testsuite hostname="DESKTOP-6NU7MHK" failures="0" tests="1" name="POM_DDF_TestNg.PBLoginTest3" time="11.405" errors="0" timestamp="2023-06-19T14:47:20 IST" skipped="0">
  <testcase classname="POM_DDF_TestNg.PBLoginTest3" name="verifyFullName" time="11.405"/>
  <system-out/>
</testsuite> <!-- POM_DDF_TestNg.PBLoginTest3 -->
