<?xml version="1.0" encoding="UTF-8"?>
<!-- Generated by org.testng.reporters.JUnitReportReporter -->
<testsuite hostname="DESKTOP-6NU7MHK" failures="0" tests="2" name="TestNG_practice2.example8_Demo_failedxml" time="0.010" errors="0" timestamp="2023-06-17T17:16:18 IST" skipped="0">
  <testcase classname="TestNG_practice2.example8_Demo_failedxml" name="TC3" time="0.000"/>
  <system-out>
    <![CDATA[running TC3]]>
  </system-out>
  <testcase classname="TestNG_practice2.example8_Demo_failedxml" name="TC1" time="0.010"/>
  <system-out>
    <![CDATA[running TC1]]>
  </system-out>
</testsuite> <!-- TestNG_practice2.example8_Demo_failedxml -->
