<?xml version="1.0" encoding="UTF-8"?>
<!-- Generated by org.testng.reporters.JUnitReportReporter -->
<testsuite hostname="DESKTOP-6NU7MHK" failures="0" tests="1" name="practice.error_color" time="2.898" errors="0" timestamp="2023-06-19T19:15:20 IST" skipped="0">
  <testcase classname="practice.error_color" name="verifyErrorColor" time="2.898"/>
  <system-out>
    <![CDATA[red in colour]]>
  </system-out>
</testsuite> <!-- practice.error_color -->
