<?xml version="1.0" encoding="UTF-8"?>
<!-- Generated by org.testng.reporters.JUnitReportReporter -->
<testsuite hostname="DESKTOP-6NU7MHK" failures="0" tests="1" name="TestNG.testng_class" time="6.543" errors="0" timestamp="2023-06-06T13:46:04 IST" skipped="0">
  <testcase classname="TestNG.testng_class" name="test" time="6.543"/>
  <system-out/>
</testsuite> <!-- TestNG.testng_class -->
