<?xml version="1.0" encoding="UTF-8"?>
<!-- Generated by org.testng.reporters.JUnitReportReporter -->
<testsuite hostname="DESKTOP-6NU7MHK" failures="0" tests="1" name="TestNG.example12_Parallel1" time="7.336" errors="0" timestamp="2023-06-16T15:31:17 IST" skipped="0">
  <testcase classname="TestNG.example12_Parallel1" name="TC1" time="7.336"/>
  <system-out/>
</testsuite> <!-- TestNG.example12_Parallel1 -->
