<?xml version="1.0" encoding="UTF-8"?>
<!-- Generated by org.testng.reporters.JUnitReportReporter -->
<testsuite hostname="DESKTOP-6NU7MHK" failures="0" tests="3" name="TestNG.sample1" time="0.012" errors="0" timestamp="2023-06-09T23:40:04 IST" skipped="0">
  <testcase classname="TestNG.sample1" name="TC3" time="0.001"/>
  <system-out/>
  <testcase classname="TestNG.sample1" name="TC1" time="0.009"/>
  <system-out/>
  <testcase classname="TestNG.sample1" name="TC2" time="0.002"/>
  <system-out/>
</testsuite> <!-- TestNG.sample1 -->
