<?xml version="1.0" encoding="UTF-8"?>
<!-- Generated by org.testng.reporters.JUnitReportReporter -->
<testsuite hostname="DESKTOP-6NU7MHK" failures="0" tests="3" name="TestNG_practice2.example9_Grouping1" time="0.009" errors="0" timestamp="2023-06-17T17:36:41 IST" skipped="0">
  <testcase classname="TestNG_practice2.example9_Grouping1" name="TC1" time="0.008"/>
  <system-out>
    <![CDATA[running TC1]]>
  </system-out>
  <testcase classname="TestNG_practice2.example9_Grouping1" name="TC3" time="0.001"/>
  <system-out>
    <![CDATA[running TC3]]>
  </system-out>
  <testcase classname="TestNG_practice2.example9_Grouping1" name="TC4" time="0.000"/>
  <system-out>
    <![CDATA[running TC4]]>
  </system-out>
</testsuite> <!-- TestNG_practice2.example9_Grouping1 -->
