<?xml version="1.0" encoding="UTF-8"?>
<!-- Generated by org.testng.reporters.JUnitReportReporter -->
<testsuite hostname="DESKTOP-6NU7MHK" failures="0" tests="5" name="TestNG.example5_TestNGKeyword3_priority1" time="0.031" errors="0" timestamp="2023-06-07T14:12:23 IST" skipped="0">
  <testcase classname="TestNG.example5_TestNGKeyword3_priority1" name="TC4" time="0.015"/>
  <system-out>
    <![CDATA[TC4]]>
  </system-out>
  <testcase classname="TestNG.example5_TestNGKeyword3_priority1" name="TC5" time="0.000"/>
  <system-out>
    <![CDATA[TC5]]>
  </system-out>
  <testcase classname="TestNG.example5_TestNGKeyword3_priority1" name="TC2" time="0.000"/>
  <system-out>
    <![CDATA[TC2]]>
  </system-out>
  <testcase classname="TestNG.example5_TestNGKeyword3_priority1" name="TC3" time="0.000"/>
  <system-out>
    <![CDATA[TC3]]>
  </system-out>
  <testcase classname="TestNG.example5_TestNGKeyword3_priority1" name="TC1" time="0.016"/>
  <system-out>
    <![CDATA[TC1]]>
  </system-out>
</testsuite> <!-- TestNG.example5_TestNGKeyword3_priority1 -->
