<?xml version="1.0" encoding="UTF-8"?>
<!-- Generated by org.testng.reporters.JUnitReportReporter -->
<testsuite hostname="DESKTOP-6NU7MHK" failures="0" tests="3" name="TestNG.example11_Grouping2" time="0.000" errors="0" timestamp="2023-06-16T15:02:47 IST" skipped="0">
  <testcase classname="TestNG.example11_Grouping2" name="TC8" time="0.000"/>
  <system-out>
    <![CDATA[RUnning TC8]]>
  </system-out>
  <testcase classname="TestNG.example11_Grouping2" name="TC7" time="0.000"/>
  <system-out>
    <![CDATA[RUnning TC7]]>
  </system-out>
  <testcase classname="TestNG.example11_Grouping2" name="TC5" time="0.000"/>
  <system-out>
    <![CDATA[RUnning TC5]]>
  </system-out>
</testsuite> <!-- TestNG.example11_Grouping2 -->
