<?xml version="1.0" encoding="UTF-8"?>
<!-- Generated by org.testng.reporters.JUnitReportReporter -->
<testsuite hostname="DESKTOP-6NU7MHK" failures="0" tests="3" name="TestNG.example5_TestNGKeyword2_EnableFalse" time="0.009" errors="0" timestamp="2023-06-07T13:49:05 IST" skipped="2">
  <testcase classname="TestNG.example5_TestNGKeyword2_EnableFalse" name="TC2" time="0.009"/>
  <system-out>
    <![CDATA[running tc2]]>
  </system-out>
  <testcase classname="TestNG.example5_TestNGKeyword2_EnableFalse" name="TC1">
    <skipped/>
  </testcase> <!-- TC1 -->
  <system-out/>
  <testcase classname="TestNG.example5_TestNGKeyword2_EnableFalse" name="TC3">
    <skipped/>
  </testcase> <!-- TC3 -->
  <system-out/>
</testsuite> <!-- TestNG.example5_TestNGKeyword2_EnableFalse -->
