<?xml version="1.0" encoding="UTF-8"?>
<!-- Generated by org.testng.reporters.JUnitReportReporter -->
<testsuite hostname="DESKTOP-6NU7MHK" failures="0" tests="1" name="POM_DDF_TestNg_BaseClass_UtilityClass.PBLoginTest3" time="11.520" errors="0" timestamp="2023-06-20T14:13:08 IST" skipped="0">
  <testcase classname="POM_DDF_TestNg_BaseClass_UtilityClass.PBLoginTest3" name="verifyFullName" time="11.520"/>
  <system-out/>
</testsuite> <!-- POM_DDF_TestNg_BaseClass_UtilityClass.PBLoginTest3 -->
