<?xml version="1.0" encoding="UTF-8"?>
<!-- Generated by org.testng.reporters.JUnitReportReporter -->
<testsuite hostname="DESKTOP-6NU7MHK" failures="0" tests="3" name="TestNG_practice2.example10_MultiBrowserTesting" time="33.146" errors="0" timestamp="2023-06-18T13:02:10 IST" skipped="0">
  <testcase classname="TestNG_practice2.example10_MultiBrowserTesting" name="TC1" time="10.402"/>
  <system-out/>
  <testcase classname="TestNG_practice2.example10_MultiBrowserTesting" name="TC1" time="9.890"/>
  <system-out/>
  <testcase classname="TestNG_practice2.example10_MultiBrowserTesting" name="TC1" time="12.854"/>
  <system-out/>
</testsuite> <!-- TestNG_practice2.example10_MultiBrowserTesting -->
