<?xml version="1.0" encoding="UTF-8"?>
<!-- Generated by org.testng.reporters.JUnitReportReporter -->
<testsuite hostname="DESKTOP-6NU7MHK" failures="0" tests="1" name="TestNG.Example7_AssertClass1_assertEquals" time="0.008" errors="0" timestamp="2023-06-12T12:43:27 IST" skipped="0">
  <testcase classname="TestNG.Example7_AssertClass1_assertEquals" name="TC1" time="0.008"/>
  <system-out/>
</testsuite> <!-- TestNG.Example7_AssertClass1_assertEquals -->
