<?xml version="1.0" encoding="UTF-8"?>
<!-- Generated by org.testng.reporters.JUnitReportReporter -->
<testsuite hostname="DESKTOP-6NU7MHK" failures="0" tests="2" name="TestNG.example4_Annotations" time="0.006" errors="0" timestamp="2023-06-07T14:10:14 IST" skipped="0">
  <testcase classname="TestNG.example4_Annotations" name="TC6" time="0.001"/>
  <system-out>
    <![CDATA[RUNNING TC6]]>
  </system-out>
  <testcase classname="TestNG.example4_Annotations" name="TC3" time="0.005"/>
  <system-out>
    <![CDATA[RUNNING TC3]]>
  </system-out>
</testsuite> <!-- TestNG.example4_Annotations -->
