<?xml version="1.0" encoding="UTF-8"?>
<!-- Generated by org.testng.reporters.JUnitReportReporter -->
<testsuite hostname="DESKTOP-6NU7MHK" failures="0" tests="2" name="TestNG_practice2.example11_Annotations" time="0.016" errors="0" timestamp="2023-06-26T23:23:39 IST" skipped="0">
  <testcase classname="TestNG_practice2.example11_Annotations" name="TC3" time="0.010"/>
  <system-out>
    <![CDATA[running TC3]]>
  </system-out>
  <testcase classname="TestNG_practice2.example11_Annotations" name="tC4" time="0.006"/>
  <system-out>
    <![CDATA[running TC4]]>
  </system-out>
</testsuite> <!-- TestNG_practice2.example11_Annotations -->
