<?xml version="1.0" encoding="UTF-8"?>
<!-- Generated by org.testng.reporters.JUnitReportReporter -->
<testsuite hostname="DESKTOP-6NU7MHK" failures="0" tests="1" name="POM_DDF_TestNg.PBLoginTest2" time="15.938" errors="0" timestamp="2023-06-19T13:53:07 IST" skipped="0">
  <testcase classname="POM_DDF_TestNg.PBLoginTest2" name="verifyFullName" time="15.938"/>
  <system-out/>
</testsuite> <!-- POM_DDF_TestNg.PBLoginTest2 -->
