<?xml version="1.0" encoding="UTF-8"?>
<!-- Generated by org.testng.reporters.JUnitReportReporter -->
<testsuite hostname="DESKTOP-6NU7MHK" failures="0" tests="3" name="TestNG_practice2.example5_disableTestCaseExecutionFromTestClass" time="0.008" errors="0" timestamp="2023-06-15T14:04:01 IST" skipped="1">
  <testcase classname="TestNG_practice2.example5_disableTestCaseExecutionFromTestClass" name="TC2" time="0.000"/>
  <system-out>
    <![CDATA[Running TC2]]>
  </system-out>
  <testcase classname="TestNG_practice2.example5_disableTestCaseExecutionFromTestClass" name="TC1" time="0.008"/>
  <system-out>
    <![CDATA[Running TC1]]>
  </system-out>
  <testcase classname="TestNG_practice2.example5_disableTestCaseExecutionFromTestClass" name="TC4">
    <skipped/>
  </testcase> <!-- TC4 -->
  <system-out/>
</testsuite> <!-- TestNG_practice2.example5_disableTestCaseExecutionFromTestClass -->
