<?xml version="1.0" encoding="UTF-8"?>
<!-- Generated by org.testng.reporters.JUnitReportReporter -->
<testsuite hostname="DESKTOP-6NU7MHK" failures="0" tests="1" name="TestNG_practice2.example10_Parallel2" time="16.359" errors="0" timestamp="2023-06-17T17:49:22 IST" skipped="0">
  <testcase classname="TestNG_practice2.example10_Parallel2" name="TC1" time="16.359"/>
  <system-out/>
</testsuite> <!-- TestNG_practice2.example10_Parallel2 -->
