<?xml version="1.0" encoding="UTF-8"?>
<!-- Generated by org.testng.reporters.JUnitReportReporter -->
<testsuite hostname="DESKTOP-6NU7MHK" failures="0" tests="1" name="TestNG.example12_Parallel1" time="7.478" errors="0" timestamp="2023-06-30T18:30:45 IST" skipped="0">
  <testcase classname="TestNG.example12_Parallel1" name="TC1" time="7.478"/>
  <system-out/>
</testsuite> <!-- TestNG.example12_Parallel1 -->
