<?xml version="1.0" encoding="UTF-8"?>
<!-- Generated by org.testng.reporters.JUnitReportReporter -->
<testsuite hostname="DESKTOP-6NU7MHK" failures="0" tests="2" name="TestNG_practice2.example9_Grouping2" time="0.003" errors="0" timestamp="2023-06-30T18:32:57 IST" skipped="0">
  <testcase classname="TestNG_practice2.example9_Grouping2" name="TC5" time="0.001"/>
  <system-out>
    <![CDATA[running TC5]]>
  </system-out>
  <testcase classname="TestNG_practice2.example9_Grouping2" name="TC8" time="0.002"/>
  <system-out>
    <![CDATA[running TC8]]>
  </system-out>
</testsuite> <!-- TestNG_practice2.example9_Grouping2 -->
