<?xml version="1.0" encoding="UTF-8"?>
<!-- Generated by org.testng.reporters.JUnitReportReporter -->
<testsuite hostname="DESKTOP-6NU7MHK" failures="0" tests="1" name="TestNG_practice2.example2_assertClass_assertNotEquals" time="0.000" errors="0" timestamp="2023-06-12T14:09:04 IST" skipped="0">
  <testcase classname="TestNG_practice2.example2_assertClass_assertNotEquals" name="TC1" time="0.000"/>
  <system-out/>
</testsuite> <!-- TestNG_practice2.example2_assertClass_assertNotEquals -->
