<?xml version="1.0" encoding="UTF-8"?>
<!-- Generated by org.testng.reporters.JUnitReportReporter -->
<testsuite hostname="DESKTOP-6NU7MHK" failures="0" tests="2" name="TestNG.example11_Grouping1" time="0.015" errors="0" timestamp="2023-06-16T15:02:47 IST" skipped="0">
  <testcase classname="TestNG.example11_Grouping1" name="TC1" time="0.010"/>
  <system-out>
    <![CDATA[RUnning TC1]]>
  </system-out>
  <testcase classname="TestNG.example11_Grouping1" name="TC3" time="0.005"/>
  <system-out>
    <![CDATA[RUnning TC3]]>
  </system-out>
</testsuite> <!-- TestNG.example11_Grouping1 -->
