<?xml version="1.0" encoding="UTF-8"?>
<!-- Generated by org.testng.reporters.JUnitReportReporter -->
<testsuite hostname="DESKTOP-6NU7MHK" failures="0" tests="2" name="TestNG_practice2.example6_failedTestCases" time="0.009" errors="0" timestamp="2023-06-15T14:13:30 IST" skipped="0">
  <testcase classname="TestNG_practice2.example6_failedTestCases" name="TC3" time="0.009"/>
  <system-out>
    <![CDATA[running TC3]]>
  </system-out>
  <testcase classname="TestNG_practice2.example6_failedTestCases" name="TC4" time="0.000"/>
  <system-out>
    <![CDATA[running TC4]]>
  </system-out>
</testsuite> <!-- TestNG_practice2.example6_failedTestCases -->
