<?xml version="1.0" encoding="UTF-8"?>
<!-- Generated by org.testng.reporters.JUnitReportReporter -->
<testsuite hostname="DESKTOP-6NU7MHK" failures="0" tests="3" name="TestNG.example9_DisableTCExecution1_From_TestSuit" time="0.016" errors="0" timestamp="2023-06-15T12:33:55 IST" skipped="0">
  <testcase classname="TestNG.example9_DisableTCExecution1_From_TestSuit" name="TC2" time="0.000"/>
  <system-out>
    <![CDATA[running TC2]]>
  </system-out>
  <testcase classname="TestNG.example9_DisableTCExecution1_From_TestSuit" name="TC3" time="0.000"/>
  <system-out>
    <![CDATA[running TC3]]>
  </system-out>
  <testcase classname="TestNG.example9_DisableTCExecution1_From_TestSuit" name="TC1" time="0.016"/>
  <system-out>
    <![CDATA[running TC1]]>
  </system-out>
</testsuite> <!-- TestNG.example9_DisableTCExecution1_From_TestSuit -->
