<?xml version="1.0" encoding="UTF-8"?>
<!-- Generated by org.testng.reporters.JUnitReportReporter -->
<testsuite hostname="DESKTOP-6NU7MHK" failures="0" tests="2" name="TestNG_practice2.example9_Grouping1" time="0.010" errors="0" timestamp="2023-06-30T18:32:57 IST" skipped="0">
  <testcase classname="TestNG_practice2.example9_Grouping1" name="TC1" time="0.009"/>
  <system-out>
    <![CDATA[running TC1]]>
  </system-out>
  <testcase classname="TestNG_practice2.example9_Grouping1" name="TC4" time="0.001"/>
  <system-out>
    <![CDATA[running TC4]]>
  </system-out>
</testsuite> <!-- TestNG_practice2.example9_Grouping1 -->
