<?xml version="1.0" encoding="UTF-8"?>
<!-- Generated by org.testng.reporters.JUnitReportReporter -->
<testsuite hostname="DESKTOP-6NU7MHK" failures="0" tests="1" name="TestNG_Practice.PBTestClass1_TestNG" time="24.444" errors="0" timestamp="2023-06-09T23:42:13 IST" skipped="0">
  <testcase classname="TestNG_Practice.PBTestClass1_TestNG" name="test" time="24.444"/>
  <system-out>
    <![CDATA[TC Pass]]>
  </system-out>
</testsuite> <!-- TestNG_Practice.PBTestClass1_TestNG -->
