<?xml version="1.0" encoding="UTF-8"?>
<!-- Generated by org.testng.reporters.JUnitReportReporter -->
<testsuite hostname="DESKTOP-6NU7MHK" failures="0" tests="1" name="TestNG.example2_testng_class" time="19.983" errors="0" timestamp="2023-06-06T14:03:52 IST" skipped="0">
  <testcase classname="TestNG.example2_testng_class" name="m1" time="19.983"/>
  <system-out/>
</testsuite> <!-- TestNG.example2_testng_class -->
