<?xml version="1.0" encoding="UTF-8"?>
<!-- Generated by org.testng.reporters.JUnitReportReporter -->
<testsuite hostname="DESKTOP-6NU7MHK" failures="0" tests="3" name="TestNG_practice2.example5_disableTestCaseExecutionFromTestClassAndTestSuit" time="0.009" errors="0" timestamp="2023-06-15T14:08:45 IST" skipped="1">
  <testcase classname="TestNG_practice2.example5_disableTestCaseExecutionFromTestClassAndTestSuit" name="TC1" time="0.007"/>
  <system-out>
    <![CDATA[Running TC1]]>
  </system-out>
  <testcase classname="TestNG_practice2.example5_disableTestCaseExecutionFromTestClassAndTestSuit" name="TC3" time="0.002"/>
  <system-out>
    <![CDATA[Running TC3]]>
  </system-out>
  <testcase classname="TestNG_practice2.example5_disableTestCaseExecutionFromTestClassAndTestSuit" name="TC4">
    <skipped/>
  </testcase> <!-- TC4 -->
  <system-out/>
</testsuite> <!-- TestNG_practice2.example5_disableTestCaseExecutionFromTestClassAndTestSuit -->
