<?xml version="1.0" encoding="UTF-8"?>
<!-- Generated by org.testng.reporters.JUnitReportReporter -->
<testsuite hostname="DESKTOP-6NU7MHK" failures="0" tests="3" name="TestNG.example8_DisableTCExecution1_From_TestClass" time="0.000" errors="0" timestamp="2023-06-15T12:21:00 IST" skipped="1">
  <testcase classname="TestNG.example8_DisableTCExecution1_From_TestClass" name="TC2" time="0.000"/>
  <system-out>
    <![CDATA[running TC2]]>
  </system-out>
  <testcase classname="TestNG.example8_DisableTCExecution1_From_TestClass" name="TC1" time="0.000"/>
  <system-out>
    <![CDATA[running TC1]]>
  </system-out>
  <testcase classname="TestNG.example8_DisableTCExecution1_From_TestClass" name="TC3">
    <skipped/>
  </testcase> <!-- TC3 -->
  <system-out/>
</testsuite> <!-- TestNG.example8_DisableTCExecution1_From_TestClass -->
