<?xml version="1.0" encoding="UTF-8"?>
<!-- Generated by org.testng.reporters.JUnitReportReporter -->
<testsuite hostname="DESKTOP-6NU7MHK" failures="0" tests="2" name="TestNG_practice2.example7_DisableTestCaseExecutionFromTestSuit" time="0.008" errors="0" timestamp="2023-06-17T17:12:17 IST" skipped="0">
  <testcase classname="TestNG_practice2.example7_DisableTestCaseExecutionFromTestSuit" name="TC1" time="0.007"/>
  <system-out>
    <![CDATA[running TC1]]>
  </system-out>
  <testcase classname="TestNG_practice2.example7_DisableTestCaseExecutionFromTestSuit" name="TC3" time="0.001"/>
  <system-out>
    <![CDATA[Running TC3]]>
  </system-out>
</testsuite> <!-- TestNG_practice2.example7_DisableTestCaseExecutionFromTestSuit -->
