<?xml version="1.0" encoding="UTF-8"?>
<!-- Generated by org.testng.reporters.JUnitReportReporter -->
<testsuite hostname="DESKTOP-6NU7MHK" failures="0" tests="3" name="TestNG.example13_MultiBrowserTesting" time="40.337" errors="0" timestamp="2023-06-17T23:38:00 IST" skipped="0">
  <testcase classname="TestNG.example13_MultiBrowserTesting" name="TC1" time="14.480"/>
  <system-out/>
  <testcase classname="TestNG.example13_MultiBrowserTesting" name="TC1" time="11.931"/>
  <system-out/>
  <testcase classname="TestNG.example13_MultiBrowserTesting" name="TC1" time="13.926"/>
  <system-out/>
</testsuite> <!-- TestNG.example13_MultiBrowserTesting -->
