<?xml version="1.0" encoding="UTF-8"?>
<!-- Generated by org.testng.reporters.JUnitReportReporter -->
<testsuite hostname="DESKTOP-6NU7MHK" failures="0" tests="1" name="TestNG_Practice1.PBTestClass1_TestNG" time="24.464" errors="0" timestamp="2023-06-16T18:19:22 IST" skipped="0">
  <testcase classname="TestNG_Practice1.PBTestClass1_TestNG" name="test" time="24.464"/>
  <system-out>
    <![CDATA[TC Pass]]>
  </system-out>
</testsuite> <!-- TestNG_Practice1.PBTestClass1_TestNG -->
