<?xml version="1.0" encoding="UTF-8"?>
<!-- Generated by org.testng.reporters.JUnitReportReporter -->
<testsuite hostname="DESKTOP-6NU7MHK" failures="0" tests="2" name="TestNG.example10_failed_xml" time="0.001" errors="0" timestamp="2023-06-15T14:04:01 IST" skipped="0">
  <testcase classname="TestNG.example10_failed_xml" name="TC1" time="0.001"/>
  <system-out>
    <![CDATA[running TC1]]>
  </system-out>
  <testcase classname="TestNG.example10_failed_xml" name="TC3" time="0.000"/>
  <system-out>
    <![CDATA[Running TC3]]>
  </system-out>
</testsuite> <!-- TestNG.example10_failed_xml -->
