<?xml version="1.0" encoding="UTF-8"?>
<!-- Generated by org.testng.reporters.JUnitReportReporter -->
<testsuite hostname="DESKTOP-6NU7MHK" failures="0" tests="1" name="POM_DDF_TestNG_BaseClass_UtilityClass_CaptureSSOfFailedTCes_PropertyFile.FKTestClass" time="7.406" errors="0" timestamp="2023-06-25T18:43:17 IST" skipped="0">
  <testcase classname="POM_DDF_TestNG_BaseClass_UtilityClass_CaptureSSOfFailedTCes_PropertyFile.FKTestClass" name="clickOnGaming" time="7.406"/>
  <system-out/>
</testsuite> <!-- POM_DDF_TestNG_BaseClass_UtilityClass_CaptureSSOfFailedTCes_PropertyFile.FKTestClass -->
